<?xml version="1.0" encoding="UTF-8"?>
<!-- Generated by org.testng.reporters.JUnitReportReporter -->
<testsuite skipped="0" hostname="asklap" name="HttpRestClient.HttpRestClient.Test1" tests="1" failures="0" timestamp="16 Sep 2018 07:21:07 GMT" time="178.308" errors="0">
  <testcase name="getApiTest" time="178.308" classname="HttpRestClient.HttpRestClient.Test1"/>
</testsuite> <!-- HttpRestClient.HttpRestClient.Test1 -->
